Arguments: 
  C:\Program Files\nodejs\node.exe C:\Program Files (x86)\Yarn\bin\yarn.js init

PATH: 
  C:\Python27\;C:\Python27\Scripts;C:\ProgramData\DockerDesktop\version-bin;C:\Program Files\Docker\Docker\Resources\bin;C:\Program Files (x86)\Common Files\Oracle\Java\javapath;C:\WINDOWS\system32;C:\WINDOWS;C:\WINDOWS\System32\Wbem;C:\WINDOWS\System32\WindowsPowerShell\v1.0\;C:\WINDOWS\System32\OpenSSH\;C:\Program Files\Microsoft VS Code\bin;C:\Program Files\Common Files\Autodesk Shared\;C:\Program Files\Git\cmd;C:\Program Files\PuTTY\;D:\xampp\php;C:\composer;D:\Program Files\flutter\bin\flutter.bat;C:\Program Files\dotnet\;C:\Users\Charles\AppData\Roaming\Composer\vendor\bin;C:\Program Files (x86)\Yarn\bin\;C:\ProgramData\chocolatey\bin;C:\Program Files\nodejs\;C:\Program Files\Java\jdk1.8.0_231\bin;C:\Users\Charles\AppData\Local\Android\Sdk\platform-tools;C:\Users\Charles\AppData\Local\Android\Sdk\tools\bin;C:\Users\Charles\AppData\Local\Android\Sdk\emulator;C:\Users\Charles\AppData\Local\Microsoft\WindowsApps;;C:\Program Files\JetBrains\PhpStorm 2019.1.2\bin;;d:\Users\Charles\AppData\Local\Programs\Microsoft VS Code\bin;C:\Users\Charles\AppData\Roaming\Composer\vendor\bin;C:\Users\Charles\AppData\Local\Yarn\bin;C:\Users\Charles\AppData\Roaming\npm;C:\Users\Charles\.dotnet\tools

Yarn version: 
  1.21.1

Node version: 
  13.6.0

Platform: 
  win32 x64

Trace: 
  Error: canceled
      at Interface.<anonymous> (C:\Program Files (x86)\Yarn\lib\cli.js:136925:13)
      at Interface.emit (events.js:321:20)
      at Interface._ttyWrite (readline.js:881:16)
      at ReadStream.onkeypress (readline.js:199:10)
      at ReadStream.emit (events.js:321:20)
      at emitKeys (internal/readline/utils.js:439:14)
      at emitKeys.next (<anonymous>)
      at ReadStream.onData (readline.js:1149:36)
      at ReadStream.emit (events.js:321:20)
      at addChunk (_stream_readable.js:305:12)

npm manifest: 
  No manifest

yarn manifest: 
  No manifest

Lockfile: 
  No lockfile
